Build started 10/10/2015 8:21:14 PM.
     1>Project "C:\Users\Mark\Documents\Visual Studio 2015\Projects\Graphics\WolfEngine\WolfEngine.vcxproj" on node 2 (Build target(s)).
     1>ClCompile:
         C:\Program Files (x86)\Microsoft Visual Studio 14.0\VC\bin\CL.exe /c /ZI /nologo /W3 /WX- /sdl /Od /Oy- /D WIN32 /D _DEBUG /D _LIB /D _UNICODE /D UNICODE /Gm /EHsc /RTC1 /MDd /GS /fp:precise /Zc:wchar_t /Zc:forScope /Zc:inline /Fo"Debug\\" /Fd"Debug\WolfEngine.pdb" /Gd /TP /analyze- /errorReport:prompt Window.cpp
         Window.cpp
       Lib:
         C:\Program Files (x86)\Microsoft Visual Studio 14.0\VC\bin\Lib.exe /OUT:"C:\Users\Mark\Documents\Visual Studio 2015\Projects\Graphics\Debug\WolfEngine.lib" SDL2.lib SDL2main.lib opengl32.lib glew32.lib /NOLOGO Debug\Camera2D.obj
         Debug\ErrorHelper.obj
         Debug\GLSLProgram.obj
         Debug\ImageLoader.obj
         Debug\InputManager.obj
         Debug\IoManager.obj
         Debug\PNGdecoder.obj
         Debug\ResourceManager.obj
         Debug\Sprite.obj
         Debug\SpriteBatch.obj
         Debug\TextureCache.obj
         Debug\Timing.obj
         Debug\Window.obj
         Debug\WolfEngine.obj
     1>opengl32.lib(OPENGL32.dll) : warning LNK4006: __NULL_IMPORT_DESCRIPTOR already defined in SDL2.lib(SDL2.dll); second definition ignored
     1>opengl32.lib(OPENGL32.dll) : warning LNK4221: This object file does not define any previously undefined public symbols, so it will not be used by any link operation that consumes this library
     1>glew32.lib(glew32.dll) : warning LNK4006: __NULL_IMPORT_DESCRIPTOR already defined in SDL2.lib(SDL2.dll); second definition ignored
     1>glew32.lib(glew32.dll) : warning LNK4221: This object file does not define any previously undefined public symbols, so it will not be used by any link operation that consumes this library
         WolfEngine.vcxproj -> C:\Users\Mark\Documents\Visual Studio 2015\Projects\Graphics\Debug\WolfEngine.lib
     1>Done Building Project "C:\Users\Mark\Documents\Visual Studio 2015\Projects\Graphics\WolfEngine\WolfEngine.vcxproj" (Build target(s)).

Build succeeded.

Time Elapsed 00:00:00.74
