c:\users\mark\documents\visual studio 2015\projects\graphics\wolfengine\debug\wolfengine.pdb
c:\users\mark\documents\visual studio 2015\projects\graphics\wolfengine\debug\wolfengine.idb
c:\users\mark\documents\visual studio 2015\projects\graphics\wolfengine\debug\errors.obj
c:\users\mark\documents\visual studio 2015\projects\graphics\wolfengine\debug\iomanager.obj
c:\users\mark\documents\visual studio 2015\projects\graphics\wolfengine\debug\pngdecoder.obj
c:\users\mark\documents\visual studio 2015\projects\graphics\wolfengine\debug\resourcemanager.obj
c:\users\mark\documents\visual studio 2015\projects\graphics\wolfengine\debug\sprite.obj
c:\users\mark\documents\visual studio 2015\projects\graphics\wolfengine\debug\glslprogram.obj
c:\users\mark\documents\visual studio 2015\projects\graphics\wolfengine\debug\imageloader.obj
c:\users\mark\documents\visual studio 2015\projects\graphics\wolfengine\debug\texturecache.obj
c:\users\mark\documents\visual studio 2015\projects\graphics\wolfengine\debug\errorhelper.obj
c:\users\mark\documents\visual studio 2015\projects\graphics\wolfengine\debug\window.obj
c:\users\mark\documents\visual studio 2015\projects\graphics\debug\wolfengine.lib
c:\users\mark\documents\visual studio 2015\projects\graphics\debug\wolfengine.pdb
c:\users\mark\documents\visual studio 2015\projects\graphics\wolfengine\debug\wolfengine.tlog\cl.command.1.tlog
c:\users\mark\documents\visual studio 2015\projects\graphics\wolfengine\debug\wolfengine.tlog\cl.read.1.tlog
c:\users\mark\documents\visual studio 2015\projects\graphics\wolfengine\debug\wolfengine.tlog\cl.write.1.tlog
c:\users\mark\documents\visual studio 2015\projects\graphics\wolfengine\debug\wolfengine.tlog\lib-link.read.1.tlog
c:\users\mark\documents\visual studio 2015\projects\graphics\wolfengine\debug\wolfengine.tlog\lib-link.write.1.tlog
c:\users\mark\documents\visual studio 2015\projects\graphics\wolfengine\debug\wolfengine.tlog\lib.command.1.tlog
